./Makefile:18: MAJOR:C-F3
./game/game.c:22: MAJOR:C-C1
./game/game.c:32: MAJOR:C-F4
./main/Makefile:16: MAJOR:C-F3
./main/buton_event.c:24: MINOR:C-L6
./main/buton_event.c:39: MAJOR:C-F3
./main/buton_event.c:39: MAJOR:C-F5
./main/buton_event.c:58: MAJOR:C-F3
./main/buton_event.c:58: MAJOR:C-F5
./main/dialogue.c:15: MAJOR:C-F3
./main/dialogue.c:17: MINOR:C-L3
./main/dialogue.c:23: MINOR:C-F2
./main/dialogue.c:33: MINOR:C-G2
./main/dialogue.c:49: MINOR:C-L6
./main/dialogue.c:51: MINOR:C-L6
./main/dialogue.c:69: MAJOR:C-F6
./main/dialogue.c:85: MAJOR:C-O3
./main/dialogue.c:88: MINOR:C-L6
./main/dialogue.c:89: MINOR:C-L6
./main/dialogue.c:91: MINOR:C-L4
./main/dialogue.c:94: MAJOR:C-F3
./main/dialogue.c:95: MAJOR:C-F3
./main/dialogue.c:97: MINOR:C-L6
./main/dialogue.c:101: MAJOR:C-O3
./main/dialogue.c:104: MINOR:C-L4
./main/dialogue.c:105: MAJOR:C-L5
./main/dialogue.c:109: MINOR:C-L4
./main/dialogue.c:117: MAJOR:C-F6
./main/dialogue.c:117: MAJOR:C-O3
./main/dialogue.c:120: MAJOR:C-F3
./main/dialogue.c:120: MINOR:C-L3
./main/dialogue.c:122: MINOR:C-F8
./main/dialogue.c:127: MINOR:C-L6
./main/dialogue.c:128: MINOR:C-F8
./main/dialogue.c:129: MAJOR:C-F3
./main/dialogue.c:129: MINOR:C-L6
./main/dialogue.c:136: MAJOR:C-F3
./main/dialogue.c:136: MINOR:C-F8
./main/dialogue.c:139: MAJOR:C-F4
./main/dialogue.c:139: MAJOR:C-L5
./main/dialogue.c:140: MAJOR:C-F4
./main/dialogue.c:141: MAJOR:C-F4
./main/dialogue.c:142: MAJOR:C-C1
./main/dialogue.c:142: MAJOR:C-F4
./main/dialogue.c:142: MINOR:C-L2
./main/dialogue.c:143: MAJOR:C-F4
./main/dialogue.c:143: MINOR:C-L2
./main/dialogue.c:144: MAJOR:C-F4
./main/dialogue.c:145: MAJOR:C-F4
./main/dialogue.c:146: MAJOR:C-F4
./main/dialogue.c:147: MAJOR:C-F4
./main/dialogue.c:148: MAJOR:C-F4
./main/dialogue.c:149: MAJOR:C-F4
./main/dialogue.c:150: MAJOR:C-F4
./main/dialogue.c:151: MAJOR:C-F4
./main/dialogue.c:152: MAJOR:C-F4
./main/dialogue.c:153: MAJOR:C-F4
./main/dialogue.c:154: MAJOR:C-F4
./main/dialogue.c:154: MINOR:C-F8
./main/dialogue.c:155: MAJOR:C-F4
./main/main_action.c:9: MAJOR:C-F5
./main/main_action.c:31: MAJOR:C-F4
./main/main_action.c:32: MAJOR:C-F4
./main/main_action.c:33: MAJOR:C-F4
./main/main_action.c:34: MAJOR:C-F4
./main/main_action.c:35: MAJOR:C-F4
./main/main_action.c:36: MAJOR:C-F4
./main/main_draw.c:9: MAJOR:C-F3
./main/main_draw.c:9: MAJOR:C-F5
./main/main_draw.c:9: MINOR:C-L3
./main/main_draw.c:22: MINOR:C-L3
./main/menu.c:35: MAJOR:C-F3
./main/menu.c:35: MINOR:C-L3
./main/menu.c:48: MAJOR:C-F3
./main/menu.c:58: MAJOR:C-F3
./main/menu.c:65: MAJOR:C-F3
./main/menu.c:68: MAJOR:C-F3
./main/menu.c:69: MAJOR:C-F3
./main/menu.c:70: MAJOR:C-F3
./main/menu.c:71: MAJOR:C-F3
./main/move_samu.o:1: MAJOR:C-O1
./main/my_paint:1: MAJOR:C-O1
./main/paint.h:69: MINOR:C-L3
./main/paint.h:109: MINOR:C-L2
./main/paint.h:110: MINOR:C-L2
./main/paint.h:111: MAJOR:C-F3
./main/paint.h:111: MAJOR:C-F5
./main/paint.h:111: MINOR:C-L2
./main/paint.h:112: MINOR:C-L2
./main/paint.h:113: MINOR:C-L2
./main/paint.h:114: MINOR:C-L2
./main/paint.h:115: MINOR:C-L2
./main/paint.h:116: MINOR:C-L2
./main/paint.h:117: MINOR:C-L2
./main/paint.h:118: MINOR:C-L2
./main/paint.h:119: MINOR:C-L2
./main/paint.h:120: MAJOR:C-F3
./main/paint.h:120: MINOR:C-L2
./main/paint.h:121: MAJOR:C-F6
./main/paint.h:121: MINOR:C-L2
./main/paint.h:122: MAJOR:C-F3
./main/paint.h:122: MAJOR:C-F5
./main/paint.h:122: MINOR:C-L2
./main/paint.h:122: MINOR:C-L3
./main/paint.h:123: MAJOR:C-F3
./main/paint.h:123: MAJOR:C-F5
./main/paint.h:123: MINOR:C-L2
./main/paint.h:124: MINOR:C-L2
./main/paint.h:125: MINOR:C-L2
./main/paint.h:126: MINOR:C-L2
./main/paint.h:127: MINOR:C-L2
./main/paint.h:128: MINOR:C-L2
./main/paint.h:129: MINOR:C-L2
./main/paint.h:130: MINOR:C-L2
./main/paint.h:131: MINOR:C-L2
./main/volume_setting.c:10: MAJOR:C-F6
./main/volume_setting.c:21: MAJOR:C-F3
./main/volume_setting.c:27: MAJOR:C-F3
./main/volume_setting.c:33: MAJOR:C-F3
